[파일] 17:06:14.353 INFO  c.e.showpet.article.aop.ArticleAop - method: ArticleViewService::getPagenatedArticles, args: 1, 0, 10
[파일] 17:06:14.354 INFO  c.e.showpet.article.aop.ArticleAop - method: ArticleJdbcTemplateRepository::findPagenated, args: 1, 0, 10
[파일] 17:06:22.851 INFO  c.e.showpet.article.aop.ArticleAop - method: ArticleViewController::addArticleForm, args: 1
[파일] 17:06:22.881 INFO  c.e.showpet.article.aop.ArticleAop - method: ArticleViewController::addArticleForm, args: 1
[파일] 17:06:25.651 INFO  c.e.showpet.article.aop.ArticleAop - method: ArticleViewService::getPagenatedArticles, args: 1, 0, 10
[파일] 17:06:25.651 INFO  c.e.showpet.article.aop.ArticleAop - method: ArticleJdbcTemplateRepository::findPagenated, args: 1, 0, 10
[파일] 17:17:41.802 INFO  c.e.showpet.article.aop.ArticleAop - method: ArticleViewService::getPagenatedArticles, args: 1, 0, 10
[파일] 17:17:41.802 INFO  c.e.showpet.article.aop.ArticleAop - method: ArticleJdbcTemplateRepository::findPagenated, args: 1, 0, 10
[파일] 17:32:23.647 INFO  c.e.showpet.article.aop.ArticleAop - method: ArticleViewService::getPagenatedArticles, args: 1, 0, 10
[파일] 17:32:23.648 INFO  c.e.showpet.article.aop.ArticleAop - method: ArticleJdbcTemplateRepository::findPagenated, args: 1, 0, 10
[파일] 17:41:52.598 INFO  c.e.showpet.article.aop.ArticleAop - method: ArticleViewService::getPagenatedArticles, args: 1, 0, 10
[파일] 17:41:52.598 INFO  c.e.showpet.article.aop.ArticleAop - method: ArticleJdbcTemplateRepository::findPagenated, args: 1, 0, 10
[파일] 17:41:59.898 INFO  c.e.showpet.article.aop.ArticleAop - method: ArticleViewService::getPagenatedArticles, args: 1, 0, 10
[파일] 17:41:59.898 INFO  c.e.showpet.article.aop.ArticleAop - method: ArticleJdbcTemplateRepository::findPagenated, args: 1, 0, 10
[파일] 17:42:16.198 INFO  c.e.showpet.article.aop.ArticleAop - method: ArticleViewService::getPagenatedArticles, args: 1, 0, 10
[파일] 17:42:16.198 INFO  c.e.showpet.article.aop.ArticleAop - method: ArticleJdbcTemplateRepository::findPagenated, args: 1, 0, 10
[파일] 21:10:33.871 INFO  c.e.showpet.article.aop.ArticleAop - method: ArticleViewController::addArticleForm
[파일] 21:10:34.153 INFO  c.e.showpet.article.aop.ArticleAop - method: ArticleViewController::addArticleForm
[파일] 21:13:02.436 INFO  c.e.showpet.article.aop.ArticleAop - method: ArticleViewService::getPagenatedArticles, args: 3, 0, 10
[파일] 21:13:02.437 INFO  c.e.showpet.article.aop.ArticleAop - method: ArticleJdbcTemplateRepository::findPagenated, args: 3, 0, 10
[파일] 21:13:14.889 INFO  c.e.showpet.article.aop.ArticleAop - method: ArticleViewController::addArticleForm, args: 3
[파일] 21:13:14.910 INFO  c.e.showpet.article.aop.ArticleAop - method: ArticleViewController::addArticleForm, args: 3
[파일] 21:13:23.230 INFO  c.e.showpet.article.aop.ArticleAop - method: ArticleViewController::addArticle, args: CreateArticleDto(title=11, content=111, image=null, categoryId=3), File(content-type = image/jpeg, filename = file)
[파일] 21:13:23.324 INFO  c.e.showpet.article.aop.ArticleAop - method: ArticleViewService::createArticle, args: CreateArticleDto(title=11, content=111, image=https://showpet.s3.ap-northeast-2.amazonaws.com/article/20240828211323-1749367943, categoryId=3)
[파일] 21:13:23.324 INFO  c.e.showpet.article.aop.ArticleAop - method: ArticleMapperImpl::toEntity, args: CreateArticleDto(title=11, content=111, image=https://showpet.s3.ap-northeast-2.amazonaws.com/article/20240828211323-1749367943, categoryId=3)
[파일] 21:13:23.326 INFO  c.e.showpet.article.aop.ArticleAop - method: ArticleJdbcTemplateRepository::save, args: Article(id=null, title=11, content=111, image=https://showpet.s3.ap-northeast-2.amazonaws.com/article/20240828211323-1749367943, member=null)
[파일] 21:13:23.337 INFO  c.e.showpet.article.aop.ArticleAop - method: ArticleViewController::getArticle, args: 1
[파일] 21:13:23.337 INFO  c.e.showpet.article.aop.ArticleAop - method: ArticleViewService::getArticle, args: 1
[파일] 21:13:23.337 INFO  c.e.showpet.article.aop.ArticleAop - method: ArticleJdbcTemplateRepository::findById, args: 1
[파일] 21:13:23.342 INFO  c.e.showpet.article.aop.ArticleAop - method: ArticleJdbcTemplateRepository::findById, args: 1
[파일] 21:13:29.716 INFO  c.e.showpet.article.aop.ArticleAop - method: ArticleViewController::editArticleForm, args: 1
[파일] 21:13:29.716 INFO  c.e.showpet.article.aop.ArticleAop - method: ArticleViewService::getArticle, args: 1
[파일] 21:13:29.717 INFO  c.e.showpet.article.aop.ArticleAop - method: ArticleJdbcTemplateRepository::findById, args: 1
[파일] 21:13:35.568 INFO  c.e.showpet.article.aop.ArticleAop - method: ArticleViewController::editArticle, args: UpdateArticleDto(title=1122, content=111222, image=null, imageDeleted=), File(content-type = image/webp, filename = file), 1
[파일] 21:13:35.683 INFO  c.e.showpet.article.aop.ArticleAop - method: ArticleViewService::updateArticle, args: 1, UpdateArticleDto(title=1122, content=111222, image=https://showpet.s3.ap-northeast-2.amazonaws.com/202408282113351764163005, imageDeleted=)
[파일] 21:13:35.683 INFO  c.e.showpet.article.aop.ArticleAop - method: ArticleJdbcTemplateRepository::findById, args: 1
[파일] 21:13:35.716 INFO  c.e.showpet.article.aop.ArticleAop - method: ArticleJdbcTemplateRepository::save, args: Article(id=1, title=1122, content=111222, image=https://showpet.s3.ap-northeast-2.amazonaws.com/202408282113351764163005, member=null)
[파일] 21:13:35.727 INFO  c.e.showpet.article.aop.ArticleAop - method: ArticleViewController::getArticle, args: 1
[파일] 21:13:35.727 INFO  c.e.showpet.article.aop.ArticleAop - method: ArticleViewService::getArticle, args: 1
[파일] 21:13:35.727 INFO  c.e.showpet.article.aop.ArticleAop - method: ArticleJdbcTemplateRepository::findById, args: 1
[파일] 21:13:35.729 INFO  c.e.showpet.article.aop.ArticleAop - method: ArticleJdbcTemplateRepository::findById, args: 1
[파일] 21:13:44.364 INFO  c.e.showpet.article.aop.ArticleAop - method: ArticleJdbcTemplateRepository::findById, args: 1
[파일] 21:13:44.371 INFO  c.e.showpet.article.aop.ArticleAop - method: ArticleViewController::getArticle, args: 1
[파일] 21:13:44.371 INFO  c.e.showpet.article.aop.ArticleAop - method: ArticleViewService::getArticle, args: 1
[파일] 21:13:44.371 INFO  c.e.showpet.article.aop.ArticleAop - method: ArticleJdbcTemplateRepository::findById, args: 1
[파일] 21:13:44.373 INFO  c.e.showpet.article.aop.ArticleAop - method: ArticleJdbcTemplateRepository::findById, args: 1
[파일] 21:13:44.374 INFO  c.e.showpet.article.aop.ArticleAop - method: ArticleJdbcTemplateRepository::findById, args: 1
[파일] 21:14:53.689 INFO  c.e.showpet.article.aop.ArticleAop - method: ArticleJdbcTemplateRepository::findById, args: 1
[파일] 21:14:53.696 INFO  c.e.showpet.article.aop.ArticleAop - method: ArticleViewController::getArticle, args: 1
[파일] 21:14:53.696 INFO  c.e.showpet.article.aop.ArticleAop - method: ArticleViewService::getArticle, args: 1
[파일] 21:14:53.696 INFO  c.e.showpet.article.aop.ArticleAop - method: ArticleJdbcTemplateRepository::findById, args: 1
[파일] 21:14:53.698 INFO  c.e.showpet.article.aop.ArticleAop - method: ArticleJdbcTemplateRepository::findById, args: 1
[파일] 21:14:53.699 INFO  c.e.showpet.article.aop.ArticleAop - method: ArticleJdbcTemplateRepository::findById, args: 1
[파일] 21:14:57.291 INFO  c.e.showpet.article.aop.ArticleAop - method: ArticleJdbcTemplateRepository::findById, args: 1
[파일] 21:15:00.082 INFO  c.e.showpet.article.aop.ArticleAop - method: ArticleViewService::getPagenatedArticles, args: 3, 0, 10
[파일] 21:15:00.082 INFO  c.e.showpet.article.aop.ArticleAop - method: ArticleJdbcTemplateRepository::findPagenated, args: 3, 0, 10
[파일] 21:15:06.849 INFO  c.e.showpet.article.aop.ArticleAop - method: ArticleViewController::getArticle, args: 1
[파일] 21:15:06.849 INFO  c.e.showpet.article.aop.ArticleAop - method: ArticleViewService::getArticle, args: 1
[파일] 21:15:06.849 INFO  c.e.showpet.article.aop.ArticleAop - method: ArticleJdbcTemplateRepository::findById, args: 1
[파일] 21:15:06.850 INFO  c.e.showpet.article.aop.ArticleAop - method: ArticleJdbcTemplateRepository::findById, args: 1
[파일] 21:15:13.301 INFO  c.e.showpet.article.aop.ArticleAop - method: ArticleViewService::getPagenatedArticles, args: 3, 0, 10
[파일] 21:15:13.301 INFO  c.e.showpet.article.aop.ArticleAop - method: ArticleJdbcTemplateRepository::findPagenated, args: 3, 0, 10
[파일] 21:15:20.133 INFO  c.e.showpet.article.aop.ArticleAop - method: ArticleViewController::getArticle, args: 1
[파일] 21:15:20.134 INFO  c.e.showpet.article.aop.ArticleAop - method: ArticleViewService::getArticle, args: 1
[파일] 21:15:20.134 INFO  c.e.showpet.article.aop.ArticleAop - method: ArticleJdbcTemplateRepository::findById, args: 1
[파일] 21:15:20.136 INFO  c.e.showpet.article.aop.ArticleAop - method: ArticleJdbcTemplateRepository::findById, args: 1
[파일] 21:15:33.573 INFO  c.e.showpet.article.aop.ArticleAop - method: ArticleViewController::deleteArticle, args: 1
[파일] 21:15:33.573 INFO  c.e.showpet.article.aop.ArticleAop - method: ArticleViewService::deleteArticle, args: 1
[파일] 21:15:33.573 INFO  c.e.showpet.article.aop.ArticleAop - method: ArticleJdbcTemplateRepository::findById, args: 1
[파일] 21:15:33.676 INFO  c.e.showpet.article.aop.ArticleAop - method: ArticleJdbcTemplateRepository::delete, args: Article(id=1, title=1122, content=111222, image=https://showpet.s3.ap-northeast-2.amazonaws.com/202408282113351764163005, member=null)
[파일] 21:15:39.565 INFO  c.e.showpet.article.aop.ArticleAop - method: ArticleViewService::getPagenatedArticles, args: 1, 0, 10
[파일] 21:15:39.566 INFO  c.e.showpet.article.aop.ArticleAop - method: ArticleJdbcTemplateRepository::findPagenated, args: 1, 0, 10
